<?xml version="1.0" encoding="UTF-8"?>
<!-- Generated by org.testng.reporters.JUnitXMLReporter -->
<<<<<<< HEAD
<testsuite ignored="0" hostname="DESKTOP-AAL5JEA" failures="1" tests="4" name="Default test" time="60.398" errors="0" timestamp="2022-04-16T05:45:53 EDT">
  <testcase classname="io.cucumber.testng.AbstractTestNGCucumberTests" name="runScenario" time="10.965"/>
  <testcase classname="io.cucumber.testng.AbstractTestNGCucumberTests" name="runScenario" time="22.029"/>
  <testcase classname="io.cucumber.testng.AbstractTestNGCucumberTests" name="runScenario" time="14.447">
    <failure type="org.openqa.selenium.ElementClickInterceptedException" message="element click intercepted: Element &amp;lt;div class=&amp;quot;ant-picker-cell-inner&amp;quot;&amp;gt;...&amp;lt;/div&amp;gt; is not clickable at point (706, 269). Other element would receive the click: &amp;lt;td title=&amp;quot;2022-04-14&amp;quot; class=&amp;quot;ant-picker-cell ant-picker-cell-in-view&amp;quot;&amp;gt;...&amp;lt;/td&amp;gt;
  (Session info: chrome=100.0.4896.88)
Build info: version: &amp;apos;4.0.0&amp;apos;, revision: &amp;apos;3a21814679&amp;apos;
System info: host: &amp;apos;DESKTOP-AAL5JEA&amp;apos;, ip: &amp;apos;192.168.1.201&amp;apos;, os.name: &amp;apos;Windows 10&amp;apos;, os.arch: &amp;apos;amd64&amp;apos;, os.version: &amp;apos;10.0&amp;apos;, java.version: &amp;apos;16.0.2&amp;apos;
Driver info: org.openqa.selenium.chrome.ChromeDriver
Command: [0276cdd22bb52a166dd38ad45417dd34, clickElement {id=fea7708b-2c8b-46c0-84e2-bee25f9c5f97}]
Capabilities {acceptInsecureCerts: false, browserName: chrome, browserVersion: 100.0.4896.88, chrome: {chromedriverVersion: 100.0.4896.60 (6a5d10861ce8..., userDataDir: C:\Users\Rakibur Khan\AppDa...}, goog:chromeOptions: {debuggerAddress: localhost:63706}, javascriptEnabled: true, networkConnectionEnabled: false, pageLoadStrategy: normal, platform: WINDOWS, platformName: WINDOWS, proxy: Proxy(), se:cdp: ws://localhost:63706/devtoo..., se:cdpVersion: 100.0.4896.88, setWindowRect: true, strictFileInteractability: false, timeouts: {implicit: 0, pageLoad: 300000, script: 30000}, unhandledPromptBehavior: dismiss and notify, webauthn:extension:credBlob: true, webauthn:extension:largeBlob: true, webauthn:virtualAuthenticators: true}
Element: [[ChromeDriver: chrome on WINDOWS (0276cdd22bb52a166dd38ad45417dd34)] -&amp;gt; xpath: (//div[@class=&amp;apos;ant-picker-cell-inner&amp;apos;][normalize-space()=&amp;apos;21&amp;apos;])[1]]
Session ID: 0276cdd22bb52a166dd38ad45417dd34">
      <![CDATA[org.openqa.selenium.ElementClickInterceptedException: element click intercepted: Element <div class="ant-picker-cell-inner">...</div> is not clickable at point (706, 269). Other element would receive the click: <td title="2022-04-14" class="ant-picker-cell ant-picker-cell-in-view">...</td>
  (Session info: chrome=100.0.4896.88)
Build info: version: '4.0.0', revision: '3a21814679'
System info: host: 'DESKTOP-AAL5JEA', ip: '192.168.1.201', os.name: 'Windows 10', os.arch: 'amd64', os.version: '10.0', java.version: '16.0.2'
Driver info: org.openqa.selenium.chrome.ChromeDriver
Command: [0276cdd22bb52a166dd38ad45417dd34, clickElement {id=fea7708b-2c8b-46c0-84e2-bee25f9c5f97}]
Capabilities {acceptInsecureCerts: false, browserName: chrome, browserVersion: 100.0.4896.88, chrome: {chromedriverVersion: 100.0.4896.60 (6a5d10861ce8..., userDataDir: C:\Users\Rakibur Khan\AppDa...}, goog:chromeOptions: {debuggerAddress: localhost:63706}, javascriptEnabled: true, networkConnectionEnabled: false, pageLoadStrategy: normal, platform: WINDOWS, platformName: WINDOWS, proxy: Proxy(), se:cdp: ws://localhost:63706/devtoo..., se:cdpVersion: 100.0.4896.88, setWindowRect: true, strictFileInteractability: false, timeouts: {implicit: 0, pageLoad: 300000, script: 30000}, unhandledPromptBehavior: dismiss and notify, webauthn:extension:credBlob: true, webauthn:extension:largeBlob: true, webauthn:virtualAuthenticators: true}
Element: [[ChromeDriver: chrome on WINDOWS (0276cdd22bb52a166dd38ad45417dd34)] -> xpath: (//div[@class='ant-picker-cell-inner'][normalize-space()='21'])[1]]
Session ID: 0276cdd22bb52a166dd38ad45417dd34
at java.base/jdk.internal.reflect.NativeConstructorAccessorImpl.newInstance0(Native Method)
at java.base/jdk.internal.reflect.NativeConstructorAccessorImpl.newInstance(NativeConstructorAccessorImpl.java:78)
at java.base/jdk.internal.reflect.DelegatingConstructorAccessorImpl.newInstance(DelegatingConstructorAccessorImpl.java:45)
at java.base/java.lang.reflect.Constructor.newInstanceWithCaller(Constructor.java:499)
at java.base/java.lang.reflect.Constructor.newInstance(Constructor.java:480)
=======
<testsuite hostname="jannatuls-MBP.lan" ignored="0" name="Default test" tests="1" failures="1" timestamp="2022-04-16T01:42:14 EDT" time="6.457" errors="0">
  <testcase name="runScenario" time="6.075" classname="io.cucumber.testng.AbstractTestNGCucumberTests">
    <failure type="org.openqa.selenium.InvalidSelectorException" message="invalid selector: Unable to locate an element with the xpath expression (//i[@class = &amp;apos;fas fa-bars&amp;apos;] because of the following error:
SyntaxError: Failed to execute &amp;apos;evaluate&amp;apos; on &amp;apos;Document&amp;apos;: The string &amp;apos;(//i[@class = &amp;apos;fas fa-bars&amp;apos;]&amp;apos; is not a valid XPath expression.
  (Session info: chrome=100.0.4896.88)
For documentation on this error, please visit: https://selenium.dev/exceptions/#invalid_selector_exception
Build info: version: &amp;apos;4.0.0&amp;apos;, revision: &amp;apos;3a21814679&amp;apos;
System info: host: &amp;apos;jannatuls-MBP.lan&amp;apos;, ip: &amp;apos;fe80:0:0:0:18eb:f77e:2719:87d%en0&amp;apos;, os.name: &amp;apos;Mac OS X&amp;apos;, os.arch: &amp;apos;x86_64&amp;apos;, os.version: &amp;apos;10.14.6&amp;apos;, java.version: &amp;apos;1.8.0_211&amp;apos;
Driver info: org.openqa.selenium.chrome.ChromeDriver
Command: [00cf4fa722b04c96e2cf2f8966593e10, findElement {using=xpath, value=(//i[@class = &amp;apos;fas fa-bars&amp;apos;]}]
Capabilities {acceptInsecureCerts: false, browserName: chrome, browserVersion: 100.0.4896.88, chrome: {chromedriverVersion: 100.0.4896.60 (6a5d10861ce8..., userDataDir: /var/folders/kv/tbjc7brj4z7...}, goog:chromeOptions: {debuggerAddress: localhost:52154}, javascriptEnabled: true, networkConnectionEnabled: false, pageLoadStrategy: normal, platform: MAC, platformName: MAC, proxy: Proxy(), se:cdp: ws://localhost:52154/devtoo..., se:cdpVersion: 100.0.4896.88, setWindowRect: true, strictFileInteractability: false, timeouts: {implicit: 0, pageLoad: 300000, script: 30000}, unhandledPromptBehavior: dismiss and notify, webauthn:extension:credBlob: true, webauthn:extension:largeBlob: true, webauthn:virtualAuthenticators: true}
Session ID: 00cf4fa722b04c96e2cf2f8966593e10">
      <![CDATA[org.openqa.selenium.InvalidSelectorException: invalid selector: Unable to locate an element with the xpath expression (//i[@class = 'fas fa-bars'] because of the following error:
SyntaxError: Failed to execute 'evaluate' on 'Document': The string '(//i[@class = 'fas fa-bars']' is not a valid XPath expression.
  (Session info: chrome=100.0.4896.88)
For documentation on this error, please visit: https://selenium.dev/exceptions/#invalid_selector_exception
Build info: version: '4.0.0', revision: '3a21814679'
System info: host: 'jannatuls-MBP.lan', ip: 'fe80:0:0:0:18eb:f77e:2719:87d%en0', os.name: 'Mac OS X', os.arch: 'x86_64', os.version: '10.14.6', java.version: '1.8.0_211'
Driver info: org.openqa.selenium.chrome.ChromeDriver
Command: [00cf4fa722b04c96e2cf2f8966593e10, findElement {using=xpath, value=(//i[@class = 'fas fa-bars']}]
Capabilities {acceptInsecureCerts: false, browserName: chrome, browserVersion: 100.0.4896.88, chrome: {chromedriverVersion: 100.0.4896.60 (6a5d10861ce8..., userDataDir: /var/folders/kv/tbjc7brj4z7...}, goog:chromeOptions: {debuggerAddress: localhost:52154}, javascriptEnabled: true, networkConnectionEnabled: false, pageLoadStrategy: normal, platform: MAC, platformName: MAC, proxy: Proxy(), se:cdp: ws://localhost:52154/devtoo..., se:cdpVersion: 100.0.4896.88, setWindowRect: true, strictFileInteractability: false, timeouts: {implicit: 0, pageLoad: 300000, script: 30000}, unhandledPromptBehavior: dismiss and notify, webauthn:extension:credBlob: true, webauthn:extension:largeBlob: true, webauthn:virtualAuthenticators: true}
Session ID: 00cf4fa722b04c96e2cf2f8966593e10
at sun.reflect.NativeConstructorAccessorImpl.newInstance0(Native Method)
at sun.reflect.NativeConstructorAccessorImpl.newInstance(NativeConstructorAccessorImpl.java:62)
at sun.reflect.DelegatingConstructorAccessorImpl.newInstance(DelegatingConstructorAccessorImpl.java:45)
at java.lang.reflect.Constructor.newInstance(Constructor.java:423)
>>>>>>> ceba85dabcc0e192329de5f2ffe63836e983cfbc
at org.openqa.selenium.remote.codec.w3c.W3CHttpResponseCodec.createException(W3CHttpResponseCodec.java:200)
at org.openqa.selenium.remote.codec.w3c.W3CHttpResponseCodec.decode(W3CHttpResponseCodec.java:133)
at org.openqa.selenium.remote.codec.w3c.W3CHttpResponseCodec.decode(W3CHttpResponseCodec.java:53)
at org.openqa.selenium.remote.HttpCommandExecutor.execute(HttpCommandExecutor.java:184)
at org.openqa.selenium.remote.service.DriverCommandExecutor.invokeExecute(DriverCommandExecutor.java:164)
at org.openqa.selenium.remote.service.DriverCommandExecutor.execute(DriverCommandExecutor.java:139)
at org.openqa.selenium.remote.RemoteWebDriver.execute(RemoteWebDriver.java:559)
<<<<<<< HEAD
at org.openqa.selenium.remote.RemoteWebElement.execute(RemoteWebElement.java:251)
at org.openqa.selenium.remote.RemoteWebElement.click(RemoteWebElement.java:77)
at jdk.internal.reflect.GeneratedMethodAccessor4.invoke(Unknown Source)
at java.base/jdk.internal.reflect.DelegatingMethodAccessorImpl.invoke(DelegatingMethodAccessorImpl.java:43)
at java.base/java.lang.reflect.Method.invoke(Method.java:567)
at org.openqa.selenium.support.pagefactory.internal.LocatingElementHandler.invoke(LocatingElementHandler.java:52)
at jdk.proxy2/jdk.proxy2.$Proxy29.click(Unknown Source)
at ecom.pages.AdminCampaignsPOM.enterStartDate(AdminCampaignsPOM.java:99)
at ecom.stepDefinitions.AdminCampaignsSteps.i_select_the_date_for_campaign(AdminCampaignsSteps.java:41)
at ✽.I select the date for campaign(file:///C:/Users/Rakibur%20Khan/OneDrive/Documents/Ecom%20Repo/test-ecom-gui-automation/src/test/java/ecom/features/TS4U_Ecom_07_adminCampaigns.feature:13)
=======
at org.openqa.selenium.remote.ElementLocation$ElementFinder$2.findElement(ElementLocation.java:162)
at org.openqa.selenium.remote.ElementLocation.findElement(ElementLocation.java:60)
at org.openqa.selenium.remote.RemoteWebDriver.findElement(RemoteWebDriver.java:383)
at org.openqa.selenium.remote.RemoteWebDriver.findElement(RemoteWebDriver.java:375)
at org.openqa.selenium.support.pagefactory.DefaultElementLocator.findElement(DefaultElementLocator.java:70)
at org.openqa.selenium.support.pagefactory.internal.LocatingElementHandler.invoke(LocatingElementHandler.java:39)
at com.sun.proxy.$Proxy24.click(Unknown Source)
at ecom.pages.Buyer_Address_Add_Update_DeletePOM.clickONBurger01(Buyer_Address_Add_Update_DeletePOM.java:85)
at ecom.stepDefinitions.Buyer_UpdateAndDeleteAddress_Steps.i_click_on_the_burger_icon(Buyer_UpdateAndDeleteAddress_Steps.java:28)
at ✽.I click on the burger icon(file:///Users/jannatulfardusretu/Downloads/Untitled/src/test/java/ecom/features/TS4U_Ecom_3_AddressUpdate.feature:7)
>>>>>>> ceba85dabcc0e192329de5f2ffe63836e983cfbc
]]>
    </failure>
  </testcase> <!-- runScenario -->
  <testcase classname="io.cucumber.testng.AbstractTestNGCucumberTests" name="runScenario" time="12.422"/>
</testsuite> <!-- Default test -->
