<?xml version="1.0" encoding="UTF-8"?>
<testng-results ignored="0" total="2" passed="0" failed="2" skipped="0">
  <reporter-output>
  </reporter-output>
  <suite started-at="2022-04-09T14:28:37 EDT" name="Command line suite" finished-at="2022-04-09T14:28:41 EDT" duration-ms="4690">
    <groups>
      <group name="cucumber">
        <method signature="AbstractTestNGCucumberTests.runScenario(io.cucumber.testng.PickleWrapper,io.cucumber.testng.FeatureWrapper)[pri:0, instance:ecom.runner.TestRunner@15f47664]" name="runScenario" class="io.cucumber.testng.AbstractTestNGCucumberTests"/>
      </group> <!-- cucumber -->
    </groups>
    <test started-at="2022-04-09T14:28:37 EDT" name="Command line test" finished-at="2022-04-09T14:28:41 EDT" duration-ms="4690">
      <class name="ecom.runner.TestRunner">
        <test-method is-config="true" signature="setUpClass(org.testng.ITestContext)[pri:0, instance:ecom.runner.TestRunner@15f47664]" started-at="2022-04-09T14:28:37 EDT" name="setUpClass" finished-at="2022-04-09T14:28:37 EDT" duration-ms="267" status="PASS">
          <params>
            <param index="0">
              <value>
                <![CDATA[org.testng.TestRunner@59b65dce]]>
              </value>
            </param>
          </params>
          <reporter-output>
          </reporter-output>
        </test-method> <!-- setUpClass -->
        <test-method signature="runScenario(io.cucumber.testng.PickleWrapper,io.cucumber.testng.FeatureWrapper)[pri:0, instance:ecom.runner.TestRunner@15f47664]" started-at="2022-04-09T14:28:37 EDT" name="runScenario" description="Runs Cucumber Scenarios" data-provider="scenarios" finished-at="2022-04-09T14:28:40 EDT" duration-ms="3285" status="FAIL">
          <params>
            <param index="0">
              <value>
                <![CDATA["Buyer should login successfully with valid credentials"]]>
              </value>
            </param>
            <param index="1">
              <value>
                <![CDATA["Optional[Buyer Login]"]]>
              </value>
            </param>
          </params>
          <exception class="java.lang.NullPointerException">
            <message>
              <![CDATA[Cannot invoke "String.equals(Object)" because "browserName" is null]]>
            </message>
            <full-stacktrace>
              <![CDATA[java.lang.NullPointerException: Cannot invoke "String.equals(Object)" because "browserName" is null
at ecom.utils.TestBase.intializeDriver(TestBase.java:48)
at ecom.stepDefinitions.Buyer_Login_Steps.buyer_should_navigate_to_the_baseURL(Buyer_Login_Steps.java:24)
at ✽.Buyer should navigate to the baseURL(file:///C:/Users/Rakibur%20Khan/OneDrive/Documents/Ecom%20Repo/test-ecom-gui-automation/src/test/java/ecom/features/TS4U_Ecom_01_buyerLogin.feature:5)
]]>
            </full-stacktrace>
          </exception> <!-- java.lang.NullPointerException -->
          <reporter-output>
          </reporter-output>
        </test-method> <!-- runScenario -->
        <test-method signature="runScenario(io.cucumber.testng.PickleWrapper,io.cucumber.testng.FeatureWrapper)[pri:0, instance:ecom.runner.TestRunner@15f47664]" started-at="2022-04-09T14:28:40 EDT" name="runScenario" description="Runs Cucumber Scenarios" data-provider="scenarios" finished-at="2022-04-09T14:28:41 EDT" duration-ms="1037" status="FAIL">
          <params>
            <param index="0">
              <value>
                <![CDATA["Buyer order a product successfully"]]>
              </value>
            </param>
            <param index="1">
              <value>
                <![CDATA["Optional[Order Product]"]]>
              </value>
            </param>
          </params>
          <exception class="java.lang.NullPointerException">
            <message>
              <![CDATA[Cannot invoke "String.equals(Object)" because "browserName" is null]]>
            </message>
            <full-stacktrace>
              <![CDATA[java.lang.NullPointerException: Cannot invoke "String.equals(Object)" because "browserName" is null
at ecom.utils.TestBase.intializeDriver(TestBase.java:48)
at ecom.stepDefinitions.Buyer_Login_Steps.buyer_should_navigate_to_the_baseURL(Buyer_Login_Steps.java:24)
at ✽.Buyer should navigate to the baseURL(file:///C:/Users/Rakibur%20Khan/OneDrive/Documents/Ecom%20Repo/test-ecom-gui-automation/src/test/java/ecom/features/TS4U_Ecom_02_buyProduct.feature:4)
]]>
            </full-stacktrace>
          </exception> <!-- java.lang.NullPointerException -->
          <reporter-output>
          </reporter-output>
        </test-method> <!-- runScenario -->
        <test-method is-config="true" signature="tearDownClass()[pri:0, instance:ecom.runner.TestRunner@15f47664]" started-at="2022-04-09T14:28:41 EDT" name="tearDownClass" finished-at="2022-04-09T14:28:41 EDT" duration-ms="7" status="PASS">
          <reporter-output>
          </reporter-output>
        </test-method> <!-- tearDownClass -->
      </class> <!-- ecom.runner.TestRunner -->
    </test> <!-- Command line test -->
  </suite> <!-- Command line suite -->
</testng-results>
